<?xml version="1.0" encoding="UTF-8"?>
<!-- Generated by org.testng.reporters.JUnitReportReporter -->
<testsuite skipped="0" hostname="Nandhakumar" name="com.addingproductincart.flipkart.AddingProductinCart" tests="5" failures="0" timestamp="01 Aug 2022 06:52:58 GMT" time="20.367" errors="0">
  <testcase name="searchProduct" time="4.812" classname="com.addingproductincart.flipkart.AddingProductinCart"/>
  <testcase name="viewAddedProduct" time="3.777" classname="com.addingproductincart.flipkart.AddingProductinCart"/>
  <testcase name="chooseProduct" time="4.940" classname="com.addingproductincart.flipkart.AddingProductinCart"/>
  <testcase name="verifytheProduct" time="0.025" classname="com.addingproductincart.flipkart.AddingProductinCart"/>
  <testcase name="addToCart" time="6.813" classname="com.addingproductincart.flipkart.AddingProductinCart"/>
</testsuite> <!-- com.addingproductincart.flipkart.AddingProductinCart -->
